디시리얼라이즈 실패!!!!  :: System.Collections.Generic.KeyNotFoundException: 지정한 키가 사전에 없습니다.
   위치: System.Collections.Generic.Dictionary`2.get_Item(TKey key)
   위치: Blade_Monitoring.Blocking_Form.Deserialize() 파일 C:\Users\xodns\source\repos\Blade_Monitoring\Blade_Monitoring\Blocking_Form.cs:줄 214 ::  2020-11-03 오전 10:50:37
시리얼라이즈 성공!  :: 2020-11-03 오전 10:50:38
시리얼라이즈 성공!  :: 2020-11-03 오전 10:50:38
시리얼라이즈 성공!  :: 2020-11-03 오전 10:50:38
디시리얼라이즈 성공!  :: 2020-11-03 오전 10:50:50
시리얼라이즈 성공!  :: 2020-11-03 오전 10:50:50
시리얼라이즈 성공!  :: 2020-11-03 오전 10:50:50
시리얼라이즈 성공!  :: 2020-11-03 오전 10:50:50
시리얼라이즈 성공!  :: 2020-11-03 오전 10:50:52
시리얼라이즈 성공!  :: 2020-11-03 오전 10:50:52
시리얼라이즈 성공!  :: 2020-11-03 오전 10:50:52
디시리얼라이즈 성공!  :: 2020-11-03 오전 10:51:01
디시리얼라이즈 성공!  :: 2020-11-03 오전 10:51:09
시리얼라이즈 성공!  :: 2020-11-03 오전 10:51:10
시리얼라이즈 성공!  :: 2020-11-03 오전 10:51:10
시리얼라이즈 성공!  :: 2020-11-03 오전 10:51:10
디시리얼라이즈 성공!  :: 2020-11-03 오전 10:51:22
시리얼라이즈 성공!  :: 2020-11-03 오전 10:51:22
시리얼라이즈 성공!  :: 2020-11-03 오전 10:51:22
시리얼라이즈 성공!  :: 2020-11-03 오전 10:51:22
디시리얼라이즈 성공!  :: 2020-11-03 오전 10:51:49
시리얼라이즈 성공!  :: 2020-11-03 오전 10:51:49
시리얼라이즈 성공!  :: 2020-11-03 오전 10:51:49
시리얼라이즈 성공!  :: 2020-11-03 오전 10:51:49
시리얼라이즈 성공!  :: 2020-11-03 오전 10:51:50
시리얼라이즈 성공!  :: 2020-11-03 오전 10:52:01
시리얼라이즈 성공!  :: 2020-11-03 오전 10:52:17
시리얼라이즈 성공!  :: 2020-11-03 오전 10:52:17
시리얼라이즈 성공!  :: 2020-11-03 오전 10:52:17
디시리얼라이즈 성공!  :: 2020-11-03 오전 10:55:39
시리얼라이즈 성공!  :: 2020-11-03 오전 10:55:41
시리얼라이즈 성공!  :: 2020-11-03 오전 10:55:49
시리얼라이즈 성공!  :: 2020-11-03 오전 10:55:54
시리얼라이즈 성공!  :: 2020-11-03 오전 10:55:54
시리얼라이즈 성공!  :: 2020-11-03 오전 10:55:55
디시리얼라이즈 성공!  :: 2020-11-03 오전 10:57:13
시리얼라이즈 성공!  :: 2020-11-03 오전 10:57:13
시리얼라이즈 성공!  :: 2020-11-03 오전 10:57:15
시리얼라이즈 성공!  :: 2020-11-03 오전 10:57:15
시리얼라이즈 성공!  :: 2020-11-03 오전 10:57:15
시리얼라이즈 성공!  :: 2020-11-03 오전 10:57:15
시리얼라이즈 성공!  :: 2020-11-03 오전 10:57:15
시리얼라이즈 성공!  :: 2020-11-03 오전 10:57:16
시리얼라이즈 성공!  :: 2020-11-03 오전 10:57:16
시리얼라이즈 성공!  :: 2020-11-03 오전 10:57:16
시리얼라이즈 성공!  :: 2020-11-03 오전 10:57:16
시리얼라이즈 성공!  :: 2020-11-03 오전 10:57:16
시리얼라이즈 성공!  :: 2020-11-03 오전 10:57:16
시리얼라이즈 성공!  :: 2020-11-03 오전 10:57:20
시리얼라이즈 성공!  :: 2020-11-03 오전 10:57:20
시리얼라이즈 성공!  :: 2020-11-03 오전 10:57:20
시리얼라이즈 성공!  :: 2020-11-03 오전 10:57:21
시리얼라이즈 성공!  :: 2020-11-03 오전 10:57:21
시리얼라이즈 성공!  :: 2020-11-03 오전 10:57:21
시리얼라이즈 성공!  :: 2020-11-03 오전 10:57:21
시리얼라이즈 성공!  :: 2020-11-03 오전 10:57:21
시리얼라이즈 성공!  :: 2020-11-03 오전 10:57:21
시리얼라이즈 성공!  :: 2020-11-03 오전 10:57:22
시리얼라이즈 성공!  :: 2020-11-03 오전 10:57:22
시리얼라이즈 성공!  :: 2020-11-03 오전 10:57:22
시리얼라이즈 성공!  :: 2020-11-03 오전 10:57:22
시리얼라이즈 성공!  :: 2020-11-03 오전 10:57:22
시리얼라이즈 성공!  :: 2020-11-03 오전 10:57:22
시리얼라이즈 성공!  :: 2020-11-03 오전 10:57:27
시리얼라이즈 성공!  :: 2020-11-03 오전 10:57:27
시리얼라이즈 성공!  :: 2020-11-03 오전 10:57:27
시리얼라이즈 성공!  :: 2020-11-03 오전 10:57:27
시리얼라이즈 성공!  :: 2020-11-03 오전 10:57:27
시리얼라이즈 성공!  :: 2020-11-03 오전 10:57:27
시리얼라이즈 성공!  :: 2020-11-03 오전 10:57:28
시리얼라이즈 성공!  :: 2020-11-03 오전 10:57:28
시리얼라이즈 성공!  :: 2020-11-03 오전 10:57:28
시리얼라이즈 성공!  :: 2020-11-03 오전 10:57:29
시리얼라이즈 성공!  :: 2020-11-03 오전 10:57:29
시리얼라이즈 성공!  :: 2020-11-03 오전 10:57:30
시리얼라이즈 성공!  :: 2020-11-03 오전 10:57:45
시리얼라이즈 성공!  :: 2020-11-03 오전 10:58:04
디시리얼라이즈 성공!  :: 2020-11-03 오전 10:58:57
시리얼라이즈 성공!  :: 2020-11-03 오전 10:58:57
디시리얼라이즈 성공!  :: 2020-11-03 오전 10:59:39
시리얼라이즈 성공!  :: 2020-11-03 오전 10:59:39
디시리얼라이즈 성공!  :: 2020-11-03 오전 11:00:00
시리얼라이즈 성공!  :: 2020-11-03 오전 11:00:00
디시리얼라이즈 성공!  :: 2020-11-03 오전 11:04:29
시리얼라이즈 성공!  :: 2020-11-03 오전 11:04:29
시리얼라이즈 성공!  :: 2020-11-03 오전 11:04:32
시리얼라이즈 성공!  :: 2020-11-03 오전 11:04:32
시리얼라이즈 성공!  :: 2020-11-03 오전 11:04:33
시리얼라이즈 성공!  :: 2020-11-03 오전 11:04:33
시리얼라이즈 성공!  :: 2020-11-03 오전 11:04:33
디시리얼라이즈 성공!  :: 2020-11-03 오전 11:07:23
시리얼라이즈 성공!  :: 2020-11-03 오전 11:07:25
시리얼라이즈 성공!  :: 2020-11-03 오전 11:07:25
시리얼라이즈 성공!  :: 2020-11-03 오전 11:07:25
시리얼라이즈 성공!  :: 2020-11-03 오전 11:07:25
시리얼라이즈 성공!  :: 2020-11-03 오전 11:07:25
시리얼라이즈 성공!  :: 2020-11-03 오전 11:07:25
시리얼라이즈 성공!  :: 2020-11-03 오전 11:07:26
시리얼라이즈 성공!  :: 2020-11-03 오전 11:07:27
시리얼라이즈 성공!  :: 2020-11-03 오전 11:07:28
시리얼라이즈 성공!  :: 2020-11-03 오전 11:07:28
시리얼라이즈 성공!  :: 2020-11-03 오전 11:07:29
시리얼라이즈 성공!  :: 2020-11-03 오전 11:07:29
시리얼라이즈 성공!  :: 2020-11-03 오전 11:07:29
시리얼라이즈 성공!  :: 2020-11-03 오전 11:07:30
시리얼라이즈 성공!  :: 2020-11-03 오전 11:07:30
시리얼라이즈 성공!  :: 2020-11-03 오전 11:07:31
시리얼라이즈 성공!  :: 2020-11-03 오전 11:07:32
시리얼라이즈 성공!  :: 2020-11-03 오전 11:07:32
시리얼라이즈 성공!  :: 2020-11-03 오전 11:07:32
시리얼라이즈 성공!  :: 2020-11-03 오전 11:07:33
시리얼라이즈 성공!  :: 2020-11-03 오전 11:07:34
시리얼라이즈 성공!  :: 2020-11-03 오전 11:07:34
시리얼라이즈 성공!  :: 2020-11-03 오전 11:07:34
시리얼라이즈 성공!  :: 2020-11-03 오전 11:07:34
시리얼라이즈 성공!  :: 2020-11-03 오전 11:07:34
시리얼라이즈 성공!  :: 2020-11-03 오전 11:07:34
시리얼라이즈 성공!  :: 2020-11-03 오전 11:07:35
시리얼라이즈 성공!  :: 2020-11-03 오전 11:07:35
시리얼라이즈 성공!  :: 2020-11-03 오전 11:07:35
시리얼라이즈 성공!  :: 2020-11-03 오전 11:07:35
시리얼라이즈 성공!  :: 2020-11-03 오전 11:07:35
시리얼라이즈 성공!  :: 2020-11-03 오전 11:07:35
시리얼라이즈 성공!  :: 2020-11-03 오전 11:07:36
시리얼라이즈 성공!  :: 2020-11-03 오전 11:07:36
시리얼라이즈 성공!  :: 2020-11-03 오전 11:07:40
디시리얼라이즈 성공!  :: 2020-11-03 오전 11:07:56
시리얼라이즈 성공!  :: 2020-11-03 오전 11:07:56
시리얼라이즈 성공!  :: 2020-11-03 오전 11:08:07
시리얼라이즈 성공!  :: 2020-11-03 오전 11:08:07
시리얼라이즈 성공!  :: 2020-11-03 오전 11:08:07
시리얼라이즈 성공!  :: 2020-11-03 오전 11:08:07
시리얼라이즈 성공!  :: 2020-11-03 오전 11:08:07
디시리얼라이즈 성공!  :: 2020-11-03 오후 1:24:05
시리얼라이즈 성공!  :: 2020-11-03 오후 1:24:06
시리얼라이즈 성공!  :: 2020-11-03 오후 1:24:08
시리얼라이즈 성공!  :: 2020-11-03 오후 1:24:08
디시리얼라이즈 성공!  :: 2020-11-03 오후 1:24:24
시리얼라이즈 성공!  :: 2020-11-03 오후 1:24:24
디시리얼라이즈 성공!  :: 2020-11-03 오후 1:25:26
시리얼라이즈 성공!  :: 2020-11-03 오후 1:25:26
디시리얼라이즈 성공!  :: 2020-11-03 오후 1:35:05
시리얼라이즈 성공!  :: 2020-11-03 오후 1:35:05
시리얼라이즈 성공!  :: 2020-11-03 오후 1:35:15
시리얼라이즈 성공!  :: 2020-11-03 오후 1:35:15
시리얼라이즈 성공!  :: 2020-11-03 오후 1:35:16
시리얼라이즈 성공!  :: 2020-11-03 오후 1:35:16
시리얼라이즈 성공!  :: 2020-11-03 오후 1:35:16
시리얼라이즈 성공!  :: 2020-11-03 오후 1:35:16
시리얼라이즈 성공!  :: 2020-11-03 오후 1:35:17
시리얼라이즈 성공!  :: 2020-11-03 오후 1:35:17
시리얼라이즈 성공!  :: 2020-11-03 오후 1:35:18
시리얼라이즈 성공!  :: 2020-11-03 오후 1:35:18
시리얼라이즈 성공!  :: 2020-11-03 오후 1:35:18
디시리얼라이즈 성공!  :: 2020-11-03 오후 1:35:49
시리얼라이즈 성공!  :: 2020-11-03 오후 1:35:59
시리얼라이즈 성공!  :: 2020-11-03 오후 1:36:05
