디시리얼라이즈 성공!  :: 2020-11-03 오전 10:18:30
디시리얼라이즈 성공!  :: 2020-11-03 오전 10:22:54
디시리얼라이즈 성공!  :: 2020-11-03 오전 10:35:31
디시리얼라이즈 실패!!!!  :: System.Collections.Generic.KeyNotFoundException: 지정한 키가 사전에 없습니다.
   위치: System.Collections.Generic.Dictionary`2.get_Item(TKey key)
   위치: Blade_Monitoring.MainForm.Deserialize() 파일 C:\Users\xodns\source\repos\Blade_Monitoring\Blade_Monitoring\MainForm.cs:줄 597 ::  2020-11-03 오전 10:50:30
시리얼라이즈 성공!  :: 2020-11-03 오전 10:50:42
디시리얼라이즈 성공!  :: 2020-11-03 오전 10:50:48
디시리얼라이즈 성공!  :: 2020-11-03 오전 10:50:59
이미지 저장 폴더 설정 :: 2020-11-03 오전 10:51:07
디시리얼라이즈 성공!  :: 2020-11-03 오전 10:51:15
디시리얼라이즈 성공!  :: 2020-11-03 오전 10:51:37
디시리얼라이즈 성공!  :: 2020-11-03 오전 10:54:40
디시리얼라이즈 성공!  :: 2020-11-03 오전 10:55:36
디시리얼라이즈 성공!  :: 2020-11-03 오전 10:57:07
디시리얼라이즈 성공!  :: 2020-11-03 오전 11:00:23
디시리얼라이즈 성공!  :: 2020-11-03 오전 11:02:57
디시리얼라이즈 성공!  :: 2020-11-03 오전 11:04:26
디시리얼라이즈 성공!  :: 2020-11-03 오전 11:07:15
디시리얼라이즈 성공!  :: 2020-11-03 오전 11:07:54
디시리얼라이즈 성공!  :: 2020-11-03 오전 11:09:45
디시리얼라이즈 성공!  :: 2020-11-03 오전 11:18:10
디시리얼라이즈 성공!  :: 2020-11-03 오전 11:20:51
디시리얼라이즈 성공!  :: 2020-11-03 오후 1:23:32
디시리얼라이즈 성공!  :: 2020-11-03 오후 1:25:18
디시리얼라이즈 성공!  :: 2020-11-03 오후 1:35:03
